0 info it worked if it ends with ok
1 verbose cli [ '/usr/bin/nodejs', '/usr/bin/npm', 'install', 'node@6.9.5' ]
2 info using npm@3.5.2
3 info using node@v4.2.6
4 silly loadCurrentTree Starting
5 silly install loadCurrentTree
6 silly install readLocalPackageData
7 silly fetchPackageMetaData node@6.9.5
8 silly fetchNamedPackageData node
9 silly mapToRegistry name node
10 silly mapToRegistry using default registry
11 silly mapToRegistry registry https://registry.npmjs.org/
12 silly mapToRegistry uri https://registry.npmjs.org/node
13 verbose request uri https://registry.npmjs.org/node
14 verbose request no auth needed
15 info attempt registry request try #1 at 10:09:07 PM
16 verbose request id 85dd8bdbf2fd38e2
17 verbose etag W/"2e86501c8382a0783fa8e7800a47deba"
18 verbose lastModified Sat, 09 Nov 2019 02:45:32 GMT
19 http request GET https://registry.npmjs.org/node
20 http 304 https://registry.npmjs.org/node
21 verbose headers { date: 'Tue, 19 Nov 2019 16:39:12 GMT',
21 verbose headers   connection: 'keep-alive',
21 verbose headers   'set-cookie': [ '__cfduid=dfb1f27844f95a731e5615665df8b03a81574181552; expires=Wed, 18-Nov-20 16:39:12 GMT; path=/; domain=.npmjs.org; HttpOnly' ],
21 verbose headers   'cf-cache-status': 'HIT',
21 verbose headers   'cache-control': 'max-age=300',
21 verbose headers   'cf-ray': '53839e6c9ee8deaa-BLR',
21 verbose headers   age: '19',
21 verbose headers   etag: '"2e86501c8382a0783fa8e7800a47deba"',
21 verbose headers   'expect-ct': 'max-age=604800, report-uri="https://report-uri.cloudflare.com/cdn-cgi/beacon/expect-ct"',
21 verbose headers   'last-modified': 'Sat, 09 Nov 2019 02:45:32 GMT',
21 verbose headers   vary: 'accept-encoding, accept',
21 verbose headers   'x-amz-meta-rev': '509-b9426ff76eeb9505162de7a08a3c4d90',
21 verbose headers   server: 'cloudflare' }
22 silly get cb [ 304,
22 silly get   { date: 'Tue, 19 Nov 2019 16:39:12 GMT',
22 silly get     connection: 'keep-alive',
22 silly get     'set-cookie': [ '__cfduid=dfb1f27844f95a731e5615665df8b03a81574181552; expires=Wed, 18-Nov-20 16:39:12 GMT; path=/; domain=.npmjs.org; HttpOnly' ],
22 silly get     'cf-cache-status': 'HIT',
22 silly get     'cache-control': 'max-age=300',
22 silly get     'cf-ray': '53839e6c9ee8deaa-BLR',
22 silly get     age: '19',
22 silly get     etag: '"2e86501c8382a0783fa8e7800a47deba"',
22 silly get     'expect-ct': 'max-age=604800, report-uri="https://report-uri.cloudflare.com/cdn-cgi/beacon/expect-ct"',
22 silly get     'last-modified': 'Sat, 09 Nov 2019 02:45:32 GMT',
22 silly get     vary: 'accept-encoding, accept',
22 silly get     'x-amz-meta-rev': '509-b9426ff76eeb9505162de7a08a3c4d90',
22 silly get     server: 'cloudflare' } ]
23 verbose etag https://registry.npmjs.org/node from cache
24 verbose get saving node to /home/deathcoder/.npm/registry.npmjs.org/node/.cache.json
25 silly install normalizeTree
26 silly loadCurrentTree Finishing
27 silly loadIdealTree Starting
28 silly install loadIdealTree
29 silly cloneCurrentTree Starting
30 silly install cloneCurrentTreeToIdealTree
31 silly cloneCurrentTree Finishing
32 silly loadShrinkwrap Starting
33 silly install loadShrinkwrap
34 silly loadShrinkwrap Finishing
35 silly loadAllDepsIntoIdealTree Starting
36 silly install loadAllDepsIntoIdealTree
37 silly resolveWithNewModule node@6.9.5 checking installable status
38 silly cache add args [ 'node@6.9.5', null ]
39 verbose cache add spec node@6.9.5
40 silly cache add parsed spec Result {
40 silly cache add   raw: 'node@6.9.5',
40 silly cache add   scope: null,
40 silly cache add   name: 'node',
40 silly cache add   rawSpec: '6.9.5',
40 silly cache add   spec: '6.9.5',
40 silly cache add   type: 'version' }
41 silly addNamed node@6.9.5
42 verbose addNamed "6.9.5" is a plain semver version for node
43 silly mapToRegistry name node
44 silly mapToRegistry using default registry
45 silly mapToRegistry registry https://registry.npmjs.org/
46 silly mapToRegistry uri https://registry.npmjs.org/node
47 verbose addNameVersion registry:https://registry.npmjs.org/node not in flight; fetching
48 verbose get https://registry.npmjs.org/node not expired, no request
49 silly cache afterAdd node@6.9.5
50 verbose afterAdd /home/deathcoder/.npm/node/6.9.5/package/package.json not in flight; writing
51 verbose afterAdd /home/deathcoder/.npm/node/6.9.5/package/package.json written
52 silly fetchNamedPackageData node-bin-setup
53 silly mapToRegistry name node-bin-setup
54 silly mapToRegistry using default registry
55 silly mapToRegistry registry https://registry.npmjs.org/
56 silly mapToRegistry uri https://registry.npmjs.org/node-bin-setup
57 verbose request uri https://registry.npmjs.org/node-bin-setup
58 verbose request no auth needed
59 info attempt registry request try #1 at 10:09:12 PM
60 http request GET https://registry.npmjs.org/node-bin-setup
61 http 200 https://registry.npmjs.org/node-bin-setup
62 verbose headers { date: 'Tue, 19 Nov 2019 16:39:14 GMT',
62 verbose headers   'content-type': 'application/json; charset=UTF-8',
62 verbose headers   'transfer-encoding': 'chunked',
62 verbose headers   connection: 'keep-alive',
62 verbose headers   'set-cookie': [ '__cfduid=d78fdeae335eeb7a0a7707873102ae3901574181554; expires=Wed, 18-Nov-20 16:39:14 GMT; path=/; domain=.npmjs.org; HttpOnly' ],
62 verbose headers   'cf-cache-status': 'HIT',
62 verbose headers   'cache-control': 'max-age=300',
62 verbose headers   'cf-ray': '53839e7c0d77de96-BLR',
62 verbose headers   age: '12',
62 verbose headers   etag: 'W/"696d6ec470fda56a33885508a280edab"',
62 verbose headers   'expect-ct': 'max-age=604800, report-uri="https://report-uri.cloudflare.com/cdn-cgi/beacon/expect-ct"',
62 verbose headers   'last-modified': 'Sun, 27 May 2018 09:55:03 GMT',
62 verbose headers   vary: 'accept-encoding, accept',
62 verbose headers   server: 'cloudflare',
62 verbose headers   'content-encoding': 'gzip' }
63 silly get cb [ 200,
63 silly get   { date: 'Tue, 19 Nov 2019 16:39:14 GMT',
63 silly get     'content-type': 'application/json; charset=UTF-8',
63 silly get     'transfer-encoding': 'chunked',
63 silly get     connection: 'keep-alive',
63 silly get     'set-cookie': [ '__cfduid=d78fdeae335eeb7a0a7707873102ae3901574181554; expires=Wed, 18-Nov-20 16:39:14 GMT; path=/; domain=.npmjs.org; HttpOnly' ],
63 silly get     'cf-cache-status': 'HIT',
63 silly get     'cache-control': 'max-age=300',
63 silly get     'cf-ray': '53839e7c0d77de96-BLR',
63 silly get     age: '12',
63 silly get     etag: 'W/"696d6ec470fda56a33885508a280edab"',
63 silly get     'expect-ct': 'max-age=604800, report-uri="https://report-uri.cloudflare.com/cdn-cgi/beacon/expect-ct"',
63 silly get     'last-modified': 'Sun, 27 May 2018 09:55:03 GMT',
63 silly get     vary: 'accept-encoding, accept',
63 silly get     server: 'cloudflare',
63 silly get     'content-encoding': 'gzip' } ]
64 verbose get saving node-bin-setup to /home/deathcoder/.npm/registry.npmjs.org/node-bin-setup/.cache.json
65 silly resolveWithNewModule node-bin-setup@1.0.6 checking installable status
66 silly cache add args [ 'node-bin-setup@^1.0.0', null ]
67 verbose cache add spec node-bin-setup@^1.0.0
68 silly cache add parsed spec Result {
68 silly cache add   raw: 'node-bin-setup@^1.0.0',
68 silly cache add   scope: null,
68 silly cache add   name: 'node-bin-setup',
68 silly cache add   rawSpec: '^1.0.0',
68 silly cache add   spec: '>=1.0.0 <2.0.0',
68 silly cache add   type: 'range' }
69 silly addNamed node-bin-setup@>=1.0.0 <2.0.0
70 verbose addNamed ">=1.0.0 <2.0.0" is a valid semver range for node-bin-setup
71 silly addNameRange { name: 'node-bin-setup',
71 silly addNameRange   range: '>=1.0.0 <2.0.0',
71 silly addNameRange   hasData: false }
72 silly mapToRegistry name node-bin-setup
73 silly mapToRegistry using default registry
74 silly mapToRegistry registry https://registry.npmjs.org/
75 silly mapToRegistry uri https://registry.npmjs.org/node-bin-setup
76 verbose addNameRange registry:https://registry.npmjs.org/node-bin-setup not in flight; fetching
77 verbose get https://registry.npmjs.org/node-bin-setup not expired, no request
78 silly addNameRange number 2 { name: 'node-bin-setup',
78 silly addNameRange   range: '>=1.0.0 <2.0.0',
78 silly addNameRange   hasData: true }
79 silly addNameRange versions [ 'node-bin-setup',
79 silly addNameRange   [ '1.0.0', '1.0.1', '1.0.2', '1.0.3', '1.0.4', '1.0.6' ] ]
80 silly addNamed node-bin-setup@1.0.6
81 verbose addNamed "1.0.6" is a plain semver version for node-bin-setup
82 silly mapToRegistry name node-bin-setup
83 silly mapToRegistry using default registry
84 silly mapToRegistry registry https://registry.npmjs.org/
85 silly mapToRegistry uri https://registry.npmjs.org/node-bin-setup
86 verbose addRemoteTarball https://registry.npmjs.org/node-bin-setup/-/node-bin-setup-1.0.6.tgz not in flight; adding
87 verbose addRemoteTarball [ 'https://registry.npmjs.org/node-bin-setup/-/node-bin-setup-1.0.6.tgz',
87 verbose addRemoteTarball   '4b5c9bb937ece702d7069b36ca78af4684677528' ]
88 info retry fetch attempt 1 at 10:09:15 PM
89 info attempt registry request try #1 at 10:09:15 PM
90 http fetch GET https://registry.npmjs.org/node-bin-setup/-/node-bin-setup-1.0.6.tgz
91 http fetch 200 https://registry.npmjs.org/node-bin-setup/-/node-bin-setup-1.0.6.tgz
92 silly fetchAndShaCheck shasum 4b5c9bb937ece702d7069b36ca78af4684677528
93 verbose addTmpTarball /tmp/npm-16885-97df5e23/registry.npmjs.org/node-bin-setup/-/node-bin-setup-1.0.6.tgz not in flight; adding
94 verbose addTmpTarball already have metadata; skipping unpack for node-bin-setup@1.0.6
95 silly cache afterAdd node-bin-setup@1.0.6
96 verbose afterAdd /home/deathcoder/.npm/node-bin-setup/1.0.6/package/package.json not in flight; writing
97 verbose afterAdd /home/deathcoder/.npm/node-bin-setup/1.0.6/package/package.json written
98 silly loadAllDepsIntoIdealTree Finishing
99 silly idealTree:prePrune mychat@1.0.0
99 silly idealTree:prePrune +-- accepts@1.3.7
99 silly idealTree:prePrune +-- after@0.8.2
99 silly idealTree:prePrune +-- array-flatten@1.1.1
99 silly idealTree:prePrune +-- arraybuffer.slice@0.0.6
99 silly idealTree:prePrune +-- backo2@1.0.2
99 silly idealTree:prePrune +-- base64-arraybuffer@0.1.5
99 silly idealTree:prePrune +-- base64id@1.0.0
99 silly idealTree:prePrune +-- better-assert@1.0.2
99 silly idealTree:prePrune +-- blob@0.0.4
99 silly idealTree:prePrune +-- body-parser@1.19.0
99 silly idealTree:prePrune +-- bytes@3.1.0
99 silly idealTree:prePrune +-- callsite@1.0.0
99 silly idealTree:prePrune +-- component-bind@1.0.0
99 silly idealTree:prePrune +-- component-emitter@1.1.2
99 silly idealTree:prePrune +-- component-inherit@0.0.3
99 silly idealTree:prePrune +-- content-disposition@0.5.3
99 silly idealTree:prePrune +-- content-type@1.0.4
99 silly idealTree:prePrune +-- cookie-signature@1.0.6
99 silly idealTree:prePrune +-- cookie@0.4.0
99 silly idealTree:prePrune +-- debug@2.6.9
99 silly idealTree:prePrune +-- depd@1.1.2
99 silly idealTree:prePrune +-- destroy@1.0.4
99 silly idealTree:prePrune +-- ee-first@1.1.1
99 silly idealTree:prePrune +-- encodeurl@1.0.2
99 silly idealTree:prePrune +-- engine.io-client@1.8.5
99 silly idealTree:prePrune | +-- component-emitter@1.2.1
99 silly idealTree:prePrune | +-- debug@2.3.3
99 silly idealTree:prePrune | `-- ms@0.7.2
99 silly idealTree:prePrune +-- engine.io-parser@1.3.2
99 silly idealTree:prePrune +-- engine.io@1.8.5
99 silly idealTree:prePrune | +-- accepts@1.3.3
99 silly idealTree:prePrune | +-- cookie@0.3.1
99 silly idealTree:prePrune | +-- debug@2.3.3
99 silly idealTree:prePrune | +-- ms@0.7.2
99 silly idealTree:prePrune | `-- negotiator@0.6.1
99 silly idealTree:prePrune +-- escape-html@1.0.3
99 silly idealTree:prePrune +-- etag@1.8.1
99 silly idealTree:prePrune +-- express@4.17.1
99 silly idealTree:prePrune +-- finalhandler@1.1.2
99 silly idealTree:prePrune +-- forwarded@0.1.2
99 silly idealTree:prePrune +-- fresh@0.5.2
99 silly idealTree:prePrune +-- has-binary@0.1.7
99 silly idealTree:prePrune +-- has-cors@1.1.0
99 silly idealTree:prePrune +-- http-errors@1.7.2
99 silly idealTree:prePrune +-- iconv-lite@0.4.24
99 silly idealTree:prePrune +-- indexof@0.0.1
99 silly idealTree:prePrune +-- inherits@2.0.3
99 silly idealTree:prePrune +-- ipaddr.js@1.9.0
99 silly idealTree:prePrune +-- isarray@0.0.1
99 silly idealTree:prePrune +-- json3@3.3.2
99 silly idealTree:prePrune +-- media-typer@0.3.0
99 silly idealTree:prePrune +-- merge-descriptors@1.0.1
99 silly idealTree:prePrune +-- methods@1.1.2
99 silly idealTree:prePrune +-- mime-db@1.42.0
99 silly idealTree:prePrune +-- mime-types@2.1.25
99 silly idealTree:prePrune +-- mime@1.6.0
99 silly idealTree:prePrune +-- ms@2.0.0
99 silly idealTree:prePrune +-- negotiator@0.6.2
99 silly idealTree:prePrune +-- node-bin-setup@1.0.6
99 silly idealTree:prePrune +-- node@6.9.5
99 silly idealTree:prePrune +-- object-assign@4.1.0
99 silly idealTree:prePrune +-- object-component@0.0.3
99 silly idealTree:prePrune +-- on-finished@2.3.0
99 silly idealTree:prePrune +-- options@0.0.6
99 silly idealTree:prePrune +-- parsejson@0.0.3
99 silly idealTree:prePrune +-- parseqs@0.0.5
99 silly idealTree:prePrune +-- parseuri@0.0.5
99 silly idealTree:prePrune +-- parseurl@1.3.3
99 silly idealTree:prePrune +-- path-to-regexp@0.1.7
99 silly idealTree:prePrune +-- proxy-addr@2.0.5
99 silly idealTree:prePrune +-- qs@6.7.0
99 silly idealTree:prePrune +-- range-parser@1.2.1
99 silly idealTree:prePrune +-- raw-body@2.4.0
99 silly idealTree:prePrune +-- safe-buffer@5.1.2
99 silly idealTree:prePrune +-- safer-buffer@2.1.2
99 silly idealTree:prePrune +-- send@0.17.1
99 silly idealTree:prePrune | `-- ms@2.1.1
99 silly idealTree:prePrune +-- serve-static@1.14.1
99 silly idealTree:prePrune +-- setprototypeof@1.1.1
99 silly idealTree:prePrune +-- socket.io-adapter@0.5.0
99 silly idealTree:prePrune | +-- debug@2.3.3
99 silly idealTree:prePrune | `-- ms@0.7.2
99 silly idealTree:prePrune +-- socket.io-client@1.7.4
99 silly idealTree:prePrune | +-- component-emitter@1.2.1
99 silly idealTree:prePrune | +-- debug@2.3.3
99 silly idealTree:prePrune | `-- ms@0.7.2
99 silly idealTree:prePrune +-- socket.io-parser@2.3.1
99 silly idealTree:prePrune | +-- debug@2.2.0
99 silly idealTree:prePrune | `-- ms@0.7.1
99 silly idealTree:prePrune +-- socket.io@1.7.4
99 silly idealTree:prePrune | +-- debug@2.3.3
99 silly idealTree:prePrune | `-- ms@0.7.2
99 silly idealTree:prePrune +-- statuses@1.5.0
99 silly idealTree:prePrune +-- to-array@0.1.4
99 silly idealTree:prePrune +-- toidentifier@1.0.0
99 silly idealTree:prePrune +-- type-is@1.6.18
99 silly idealTree:prePrune +-- ultron@1.0.2
99 silly idealTree:prePrune +-- unpipe@1.0.0
99 silly idealTree:prePrune +-- utils-merge@1.0.1
99 silly idealTree:prePrune +-- vary@1.1.2
99 silly idealTree:prePrune +-- ws@1.1.5
99 silly idealTree:prePrune +-- wtf-8@1.0.0
99 silly idealTree:prePrune +-- xmlhttprequest-ssl@1.5.3
99 silly idealTree:prePrune `-- yeast@0.1.2
100 silly loadIdealTree Finishing
101 silly currentTree mychat@1.0.0
101 silly currentTree +-- accepts@1.3.7
101 silly currentTree +-- after@0.8.2
101 silly currentTree +-- array-flatten@1.1.1
101 silly currentTree +-- arraybuffer.slice@0.0.6
101 silly currentTree +-- backo2@1.0.2
101 silly currentTree +-- base64-arraybuffer@0.1.5
101 silly currentTree +-- base64id@1.0.0
101 silly currentTree +-- better-assert@1.0.2
101 silly currentTree +-- blob@0.0.4
101 silly currentTree +-- body-parser@1.19.0
101 silly currentTree +-- bytes@3.1.0
101 silly currentTree +-- callsite@1.0.0
101 silly currentTree +-- component-bind@1.0.0
101 silly currentTree +-- component-emitter@1.1.2
101 silly currentTree +-- component-inherit@0.0.3
101 silly currentTree +-- content-disposition@0.5.3
101 silly currentTree +-- content-type@1.0.4
101 silly currentTree +-- cookie-signature@1.0.6
101 silly currentTree +-- cookie@0.4.0
101 silly currentTree +-- debug@2.6.9
101 silly currentTree +-- depd@1.1.2
101 silly currentTree +-- destroy@1.0.4
101 silly currentTree +-- ee-first@1.1.1
101 silly currentTree +-- encodeurl@1.0.2
101 silly currentTree +-- engine.io-client@1.8.5
101 silly currentTree | +-- component-emitter@1.2.1
101 silly currentTree | +-- debug@2.3.3
101 silly currentTree | `-- ms@0.7.2
101 silly currentTree +-- engine.io-parser@1.3.2
101 silly currentTree +-- engine.io@1.8.5
101 silly currentTree | +-- accepts@1.3.3
101 silly currentTree | +-- cookie@0.3.1
101 silly currentTree | +-- debug@2.3.3
101 silly currentTree | +-- ms@0.7.2
101 silly currentTree | `-- negotiator@0.6.1
101 silly currentTree +-- escape-html@1.0.3
101 silly currentTree +-- etag@1.8.1
101 silly currentTree +-- express@4.17.1
101 silly currentTree +-- finalhandler@1.1.2
101 silly currentTree +-- forwarded@0.1.2
101 silly currentTree +-- fresh@0.5.2
101 silly currentTree +-- has-binary@0.1.7
101 silly currentTree +-- has-cors@1.1.0
101 silly currentTree +-- http-errors@1.7.2
101 silly currentTree +-- iconv-lite@0.4.24
101 silly currentTree +-- indexof@0.0.1
101 silly currentTree +-- inherits@2.0.3
101 silly currentTree +-- ipaddr.js@1.9.0
101 silly currentTree +-- isarray@0.0.1
101 silly currentTree +-- json3@3.3.2
101 silly currentTree +-- media-typer@0.3.0
101 silly currentTree +-- merge-descriptors@1.0.1
101 silly currentTree +-- methods@1.1.2
101 silly currentTree +-- mime-db@1.42.0
101 silly currentTree +-- mime-types@2.1.25
101 silly currentTree +-- mime@1.6.0
101 silly currentTree +-- ms@2.0.0
101 silly currentTree +-- negotiator@0.6.2
101 silly currentTree +-- object-assign@4.1.0
101 silly currentTree +-- object-component@0.0.3
101 silly currentTree +-- on-finished@2.3.0
101 silly currentTree +-- options@0.0.6
101 silly currentTree +-- parsejson@0.0.3
101 silly currentTree +-- parseqs@0.0.5
101 silly currentTree +-- parseuri@0.0.5
101 silly currentTree +-- parseurl@1.3.3
101 silly currentTree +-- path-to-regexp@0.1.7
101 silly currentTree +-- proxy-addr@2.0.5
101 silly currentTree +-- qs@6.7.0
101 silly currentTree +-- range-parser@1.2.1
101 silly currentTree +-- raw-body@2.4.0
101 silly currentTree +-- safe-buffer@5.1.2
101 silly currentTree +-- safer-buffer@2.1.2
101 silly currentTree +-- send@0.17.1
101 silly currentTree | `-- ms@2.1.1
101 silly currentTree +-- serve-static@1.14.1
101 silly currentTree +-- setprototypeof@1.1.1
101 silly currentTree +-- socket.io-adapter@0.5.0
101 silly currentTree | +-- debug@2.3.3
101 silly currentTree | `-- ms@0.7.2
101 silly currentTree +-- socket.io-client@1.7.4
101 silly currentTree | +-- component-emitter@1.2.1
101 silly currentTree | +-- debug@2.3.3
101 silly currentTree | `-- ms@0.7.2
101 silly currentTree +-- socket.io-parser@2.3.1
101 silly currentTree | +-- debug@2.2.0
101 silly currentTree | `-- ms@0.7.1
101 silly currentTree +-- socket.io@1.7.4
101 silly currentTree | +-- debug@2.3.3
101 silly currentTree | `-- ms@0.7.2
101 silly currentTree +-- statuses@1.5.0
101 silly currentTree +-- to-array@0.1.4
101 silly currentTree +-- toidentifier@1.0.0
101 silly currentTree +-- type-is@1.6.18
101 silly currentTree +-- ultron@1.0.2
101 silly currentTree +-- unpipe@1.0.0
101 silly currentTree +-- utils-merge@1.0.1
101 silly currentTree +-- vary@1.1.2
101 silly currentTree +-- ws@1.1.5
101 silly currentTree +-- wtf-8@1.0.0
101 silly currentTree +-- xmlhttprequest-ssl@1.5.3
101 silly currentTree `-- yeast@0.1.2
102 silly idealTree mychat@1.0.0
102 silly idealTree +-- accepts@1.3.7
102 silly idealTree +-- after@0.8.2
102 silly idealTree +-- array-flatten@1.1.1
102 silly idealTree +-- arraybuffer.slice@0.0.6
102 silly idealTree +-- backo2@1.0.2
102 silly idealTree +-- base64-arraybuffer@0.1.5
102 silly idealTree +-- base64id@1.0.0
102 silly idealTree +-- better-assert@1.0.2
102 silly idealTree +-- blob@0.0.4
102 silly idealTree +-- body-parser@1.19.0
102 silly idealTree +-- bytes@3.1.0
102 silly idealTree +-- callsite@1.0.0
102 silly idealTree +-- component-bind@1.0.0
102 silly idealTree +-- component-emitter@1.1.2
102 silly idealTree +-- component-inherit@0.0.3
102 silly idealTree +-- content-disposition@0.5.3
102 silly idealTree +-- content-type@1.0.4
102 silly idealTree +-- cookie-signature@1.0.6
102 silly idealTree +-- cookie@0.4.0
102 silly idealTree +-- debug@2.6.9
102 silly idealTree +-- depd@1.1.2
102 silly idealTree +-- destroy@1.0.4
102 silly idealTree +-- ee-first@1.1.1
102 silly idealTree +-- encodeurl@1.0.2
102 silly idealTree +-- engine.io-client@1.8.5
102 silly idealTree | +-- component-emitter@1.2.1
102 silly idealTree | +-- debug@2.3.3
102 silly idealTree | `-- ms@0.7.2
102 silly idealTree +-- engine.io-parser@1.3.2
102 silly idealTree +-- engine.io@1.8.5
102 silly idealTree | +-- accepts@1.3.3
102 silly idealTree | +-- cookie@0.3.1
102 silly idealTree | +-- debug@2.3.3
102 silly idealTree | +-- ms@0.7.2
102 silly idealTree | `-- negotiator@0.6.1
102 silly idealTree +-- escape-html@1.0.3
102 silly idealTree +-- etag@1.8.1
102 silly idealTree +-- express@4.17.1
102 silly idealTree +-- finalhandler@1.1.2
102 silly idealTree +-- forwarded@0.1.2
102 silly idealTree +-- fresh@0.5.2
102 silly idealTree +-- has-binary@0.1.7
102 silly idealTree +-- has-cors@1.1.0
102 silly idealTree +-- http-errors@1.7.2
102 silly idealTree +-- iconv-lite@0.4.24
102 silly idealTree +-- indexof@0.0.1
102 silly idealTree +-- inherits@2.0.3
102 silly idealTree +-- ipaddr.js@1.9.0
102 silly idealTree +-- isarray@0.0.1
102 silly idealTree +-- json3@3.3.2
102 silly idealTree +-- media-typer@0.3.0
102 silly idealTree +-- merge-descriptors@1.0.1
102 silly idealTree +-- methods@1.1.2
102 silly idealTree +-- mime-db@1.42.0
102 silly idealTree +-- mime-types@2.1.25
102 silly idealTree +-- mime@1.6.0
102 silly idealTree +-- ms@2.0.0
102 silly idealTree +-- negotiator@0.6.2
102 silly idealTree +-- node-bin-setup@1.0.6
102 silly idealTree +-- node@6.9.5
102 silly idealTree +-- object-assign@4.1.0
102 silly idealTree +-- object-component@0.0.3
102 silly idealTree +-- on-finished@2.3.0
102 silly idealTree +-- options@0.0.6
102 silly idealTree +-- parsejson@0.0.3
102 silly idealTree +-- parseqs@0.0.5
102 silly idealTree +-- parseuri@0.0.5
102 silly idealTree +-- parseurl@1.3.3
102 silly idealTree +-- path-to-regexp@0.1.7
102 silly idealTree +-- proxy-addr@2.0.5
102 silly idealTree +-- qs@6.7.0
102 silly idealTree +-- range-parser@1.2.1
102 silly idealTree +-- raw-body@2.4.0
102 silly idealTree +-- safe-buffer@5.1.2
102 silly idealTree +-- safer-buffer@2.1.2
102 silly idealTree +-- send@0.17.1
102 silly idealTree | `-- ms@2.1.1
102 silly idealTree +-- serve-static@1.14.1
102 silly idealTree +-- setprototypeof@1.1.1
102 silly idealTree +-- socket.io-adapter@0.5.0
102 silly idealTree | +-- debug@2.3.3
102 silly idealTree | `-- ms@0.7.2
102 silly idealTree +-- socket.io-client@1.7.4
102 silly idealTree | +-- component-emitter@1.2.1
102 silly idealTree | +-- debug@2.3.3
102 silly idealTree | `-- ms@0.7.2
102 silly idealTree +-- socket.io-parser@2.3.1
102 silly idealTree | +-- debug@2.2.0
102 silly idealTree | `-- ms@0.7.1
102 silly idealTree +-- socket.io@1.7.4
102 silly idealTree | +-- debug@2.3.3
102 silly idealTree | `-- ms@0.7.2
102 silly idealTree +-- statuses@1.5.0
102 silly idealTree +-- to-array@0.1.4
102 silly idealTree +-- toidentifier@1.0.0
102 silly idealTree +-- type-is@1.6.18
102 silly idealTree +-- ultron@1.0.2
102 silly idealTree +-- unpipe@1.0.0
102 silly idealTree +-- utils-merge@1.0.1
102 silly idealTree +-- vary@1.1.2
102 silly idealTree +-- ws@1.1.5
102 silly idealTree +-- wtf-8@1.0.0
102 silly idealTree +-- xmlhttprequest-ssl@1.5.3
102 silly idealTree `-- yeast@0.1.2
103 silly generateActionsToTake Starting
104 silly install generateActionsToTake
105 silly generateActionsToTake Finishing
106 silly diffTrees action count 2
107 silly diffTrees add node-bin-setup@1.0.6
108 silly diffTrees add node@6.9.5
109 silly decomposeActions action count 16
110 silly decomposeActions fetch node-bin-setup@1.0.6
111 silly decomposeActions extract node-bin-setup@1.0.6
112 silly decomposeActions test node-bin-setup@1.0.6
113 silly decomposeActions preinstall node-bin-setup@1.0.6
114 silly decomposeActions build node-bin-setup@1.0.6
115 silly decomposeActions install node-bin-setup@1.0.6
116 silly decomposeActions postinstall node-bin-setup@1.0.6
117 silly decomposeActions finalize node-bin-setup@1.0.6
118 silly decomposeActions fetch node@6.9.5
119 silly decomposeActions extract node@6.9.5
120 silly decomposeActions test node@6.9.5
121 silly decomposeActions preinstall node@6.9.5
122 silly decomposeActions build node@6.9.5
123 silly decomposeActions install node@6.9.5
124 silly decomposeActions postinstall node@6.9.5
125 silly decomposeActions finalize node@6.9.5
126 silly executeActions Starting
127 silly install executeActions
128 silly doSerial global-install 0
129 silly doParallel fetch 2
130 verbose lock using /home/deathcoder/.npm/_locks/staging-f9adf024e0afb093.lock for /home/deathcoder/Desktop/chat/mychat/node_modules/.staging
131 silly doParallel extract 2
132 silly extract node-bin-setup@1.0.6
133 silly extract node@6.9.5
134 verbose unbuild node_modules/.staging/node-bin-setup-55fd32b9
135 verbose unbuild node_modules/.staging/node-cc320b76
136 silly gentlyRm /home/deathcoder/Desktop/chat/mychat/node_modules/.staging/node-bin-setup-55fd32b9 is being purged from base /home/deathcoder/Desktop/chat/mychat
137 verbose gentlyRm don't care about contents; nuking /home/deathcoder/Desktop/chat/mychat/node_modules/.staging/node-bin-setup-55fd32b9
138 silly gentlyRm /home/deathcoder/Desktop/chat/mychat/node_modules/.staging/node-cc320b76 is being purged from base /home/deathcoder/Desktop/chat/mychat
139 verbose gentlyRm don't care about contents; nuking /home/deathcoder/Desktop/chat/mychat/node_modules/.staging/node-cc320b76
140 verbose tar unpack /home/deathcoder/.npm/node-bin-setup/1.0.6/package.tgz
141 verbose tar unpacking to /home/deathcoder/Desktop/chat/mychat/node_modules/.staging/node-bin-setup-55fd32b9
142 silly gentlyRm /home/deathcoder/Desktop/chat/mychat/node_modules/.staging/node-bin-setup-55fd32b9 is being purged
143 verbose gentlyRm don't care about contents; nuking /home/deathcoder/Desktop/chat/mychat/node_modules/.staging/node-bin-setup-55fd32b9
144 verbose tar unpack /home/deathcoder/.npm/node/6.9.5/package.tgz
145 verbose tar unpacking to /home/deathcoder/Desktop/chat/mychat/node_modules/.staging/node-cc320b76
146 silly gentlyRm /home/deathcoder/Desktop/chat/mychat/node_modules/.staging/node-cc320b76 is being purged
147 verbose gentlyRm don't care about contents; nuking /home/deathcoder/Desktop/chat/mychat/node_modules/.staging/node-cc320b76
148 silly gunzTarPerm modes [ '775', '664' ]
149 silly gunzTarPerm modes [ '775', '664' ]
150 silly gunzTarPerm extractEntry package.json
151 silly gunzTarPerm modified mode [ 'package.json', 420, 436 ]
152 silly gunzTarPerm extractEntry package.json
153 silly gunzTarPerm modified mode [ 'package.json', 420, 436 ]
154 silly gunzTarPerm extractEntry index.js
155 silly gunzTarPerm modified mode [ 'index.js', 420, 436 ]
156 silly gunzTarPerm extractEntry README.md
157 silly gunzTarPerm modified mode [ 'README.md', 420, 436 ]
158 silly gunzTarPerm extractEntry installArchSpecificPackage.js
159 silly gunzTarPerm modified mode [ 'installArchSpecificPackage.js', 420, 436 ]
160 silly gentlyRm /home/deathcoder/Desktop/chat/mychat/node_modules/.staging/node-bin-setup-55fd32b9/node_modules is being purged
161 verbose gentlyRm don't care about contents; nuking /home/deathcoder/Desktop/chat/mychat/node_modules/.staging/node-bin-setup-55fd32b9/node_modules
162 silly gentlyRm /home/deathcoder/Desktop/chat/mychat/node_modules/.staging/node-cc320b76/node_modules is being purged
163 verbose gentlyRm don't care about contents; nuking /home/deathcoder/Desktop/chat/mychat/node_modules/.staging/node-cc320b76/node_modules
164 silly doParallel preinstall 2
165 silly preinstall node-bin-setup@1.0.6 /home/deathcoder/Desktop/chat/mychat/node_modules/.staging/node-bin-setup-55fd32b9
166 info lifecycle node-bin-setup@1.0.6~preinstall: node-bin-setup@1.0.6
167 silly preinstall node@6.9.5 /home/deathcoder/Desktop/chat/mychat/node_modules/.staging/node-cc320b76
168 info lifecycle node@6.9.5~preinstall: node@6.9.5
169 silly lifecycle node-bin-setup@1.0.6~preinstall: no script for preinstall, continuing
170 verbose lifecycle node@6.9.5~preinstall: unsafe-perm in lifecycle true
171 verbose lifecycle node@6.9.5~preinstall: PATH: /usr/share/npm/bin/node-gyp-bin:/home/deathcoder/Desktop/chat/mychat/node_modules/.staging/node-cc320b76/node_modules/.bin:/home/deathcoder/Desktop/chat/mychat/node_modules/.bin:/home/deathcoder/bin:/home/deathcoder/.local/bin:/usr/local/sbin:/usr/local/bin:/usr/sbin:/usr/bin:/sbin:/bin:/usr/games:/usr/local/games:/snap/bin
172 verbose lifecycle node@6.9.5~preinstall: CWD: /home/deathcoder/Desktop/chat/mychat/node_modules/.staging/node-cc320b76
173 silly lifecycle node@6.9.5~preinstall: Args: [ '-c', 'node installArchSpecificPackage' ]
174 silly lifecycle node@6.9.5~preinstall: Returned: code: 1  signal: null
175 info lifecycle node@6.9.5~preinstall: Failed to exec preinstall script
176 verbose unlock done using /home/deathcoder/.npm/_locks/staging-f9adf024e0afb093.lock for /home/deathcoder/Desktop/chat/mychat/node_modules/.staging
177 silly rollbackFailedOptional Starting
178 silly rollbackFailedOptional Finishing
179 silly runTopLevelLifecycles Starting
180 silly runTopLevelLifecycles Finishing
181 silly install printInstalled
182 warn mychat@1.0.0 No repository field.
183 verbose stack Error: node@6.9.5 preinstall: `node installArchSpecificPackage`
183 verbose stack Exit status 1
183 verbose stack     at EventEmitter.<anonymous> (/usr/share/npm/lib/utils/lifecycle.js:232:16)
183 verbose stack     at emitTwo (events.js:87:13)
183 verbose stack     at EventEmitter.emit (events.js:172:7)
183 verbose stack     at ChildProcess.<anonymous> (/usr/share/npm/lib/utils/spawn.js:24:14)
183 verbose stack     at emitTwo (events.js:87:13)
183 verbose stack     at ChildProcess.emit (events.js:172:7)
183 verbose stack     at maybeClose (internal/child_process.js:821:16)
183 verbose stack     at Process.ChildProcess._handle.onexit (internal/child_process.js:211:5)
184 verbose pkgid node@6.9.5
185 verbose cwd /home/deathcoder/Desktop/chat/mychat
186 error Linux 4.10.0-28-generic
187 error argv "/usr/bin/nodejs" "/usr/bin/npm" "install" "node@6.9.5"
188 error node v4.2.6
189 error npm  v3.5.2
190 error code ELIFECYCLE
191 error node@6.9.5 preinstall: `node installArchSpecificPackage`
191 error Exit status 1
192 error Failed at the node@6.9.5 preinstall script 'node installArchSpecificPackage'.
192 error Make sure you have the latest version of node.js and npm installed.
192 error If you do, this is most likely a problem with the node package,
192 error not with npm itself.
192 error Tell the author that this fails on your system:
192 error     node installArchSpecificPackage
192 error You can get information on how to open an issue for this project with:
192 error     npm bugs node
192 error Or if that isn't available, you can get their info via:
192 error     npm owner ls node
192 error There is likely additional logging output above.
193 verbose exit [ 1, true ]
